c:\users\user\desktop\shadersamples\01_dxframework\debug\vc142.pdb
c:\users\user\desktop\shadersamples\01_dxframework\debug\vc142.idb
c:\users\user\desktop\shadersamples\01_dxframework\debug\shaderframework.obj
d:\shaderpractice\lecture0\01_dxframework\debug\vc142.pdb
d:\shaderpractice\lecture0\01_dxframework\debug\vc142.idb
d:\shaderpractice\lecture0\01_dxframework\debug\shaderframework.obj
d:\shaderpractice\lecture1\02_texturemapping\debug\vc142.pdb
d:\shaderpractice\lecture1\02_texturemapping\debug\vc142.idb
d:\shaderpractice\lecture1\02_texturemapping\debug\shaderframework.obj
d:\shaderpractice\lecture2\03_lighting\debug\vc142.pdb
d:\shaderpractice\lecture2\03_lighting\debug\vc142.idb
d:\shaderpractice\lecture2\03_lighting\debug\shaderframework.obj
d:\shaderpractice\lecture3\04_diffuse&specular\debug\vc142.pdb
d:\shaderpractice\lecture3\04_diffuse&specular\debug\vc142.idb
d:\shaderpractice\lecture3\04_diffuse&specular\debug\shaderframework.obj
d:\shaderpractice\lecture0\01_dxframework\debug\colorshader.cso
d:\shaderpractice\lecture1\02_texturemapping\debug\texturemapping.cso
d:\shaderpractice\lecture2\03_lighting\debug\lighting.cso
d:\shaderpractice\lecture3\04_diffuse&specular\debug\specularmapping.cso
c:\users\user\desktop\shadersamples\01_dxframework\debug\basicframework.ilk
c:\users\user\desktop\shadersamples\01_dxframework\debug\basicframework.exe
c:\users\user\desktop\shadersamples\01_dxframework\debug\basicframework.pdb
d:\shaderpractice\lecture0\01_dxframework\debug\basicframework.exe
d:\shaderpractice\lecture0\01_dxframework\debug\basicframework.ilk
d:\shaderpractice\lecture0\01_dxframework\debug\basicframework.pdb
d:\shaderpractice\lecture1\02_texturemapping\debug\basicframework.exe
d:\shaderpractice\lecture1\02_texturemapping\debug\basicframework.ilk
d:\shaderpractice\lecture1\02_texturemapping\debug\basicframework.pdb
d:\shaderpractice\lecture2\03_lighting\debug\basicframework.exe
d:\shaderpractice\lecture2\03_lighting\debug\basicframework.ilk
d:\shaderpractice\lecture2\03_lighting\debug\basicframework.pdb
d:\shaderpractice\lecture3\04_diffuse&specular\debug\basicframework.exe
d:\shaderpractice\lecture3\04_diffuse&specular\debug\basicframework.ilk
d:\shaderpractice\lecture3\04_diffuse&specular\debug\basicframework.pdb
d:\shaderpractice\lecture3\04_diffuse&specular\debug\basicframework.tlog\cl.command.1.tlog
d:\shaderpractice\lecture3\04_diffuse&specular\debug\basicframework.tlog\cl.read.1.tlog
d:\shaderpractice\lecture3\04_diffuse&specular\debug\basicframework.tlog\cl.write.1.tlog
d:\shaderpractice\lecture3\04_diffuse&specular\debug\basicframework.tlog\fxc.command.1.tlog
d:\shaderpractice\lecture3\04_diffuse&specular\debug\basicframework.tlog\fxc.read.1.tlog
d:\shaderpractice\lecture3\04_diffuse&specular\debug\basicframework.tlog\fxc.write.1.tlog
d:\shaderpractice\lecture3\04_diffuse&specular\debug\basicframework.tlog\link.command.1.tlog
d:\shaderpractice\lecture3\04_diffuse&specular\debug\basicframework.tlog\link.read.1.tlog
d:\shaderpractice\lecture3\04_diffuse&specular\debug\basicframework.tlog\link.write.1.tlog
